<?xml version="1.0" encoding="UTF-8"?>
<!-- Generated by org.testng.reporters.JUnitReportReporter -->
<testsuite hostname="DESKTOP-2JBPT44" name="com.project.CucumberJvmTest" tests="1" failures="0" timestamp="6 Feb 2019 06:32:42 GMT" time="11.362" errors="0">
  <testcase name="feature" time="11.362" classname="com.project.CucumberJvmTest"/>
</testsuite> <!-- com.project.CucumberJvmTest -->
